<?xml version="1.0" encoding="UTF-8"?>
<!-- Generated by org.testng.reporters.JUnitXMLReporter -->
<testsuite ignored="0" hostname="INHYLP032" failures="1" tests="1" name="Default test" time="23.048" errors="0" timestamp="2023-08-04T15:47:15 IST">
  <testcase classname="io.cucumber.testng.AbstractTestNGCucumberTests" name="runScenario" time="18.529">
    <failure type="java.lang.NullPointerException" message="Cannot invoke &amp;quot;org.openqa.selenium.WebDriver.manage()&amp;quot; because &amp;quot;this.driver&amp;quot; is null">
      <![CDATA[java.lang.NullPointerException: Cannot invoke "org.openqa.selenium.WebDriver.manage()" because "this.driver" is null
at page.Accounts_creation.Accounts_Module_wise(Accounts_creation.java:116)
at Test.Add_accounts_module.click_on_accounts_module(Add_accounts_module.java:62)
at ✽.click on Accounts module(file:///C:/Users/Mahesh/eclipse-workspace/BDD/Folder/account.feature:10)
]]>
    </failure>
  </testcase> <!-- runScenario -->
</testsuite> <!-- Default test -->
