<?xml version="1.0" encoding="UTF-8"?>
<!-- Generated by org.testng.reporters.JUnitReportReporter -->
<testsuite hostname="INHYLP032" failures="0" tests="1" name="Run.test_runner" time="18.529" errors="1" timestamp="2023-08-04T15:47:15 IST" skipped="0">
  <testcase classname="Run.test_runner" name="runScenario" time="18.529">
    <error message="Cannot invoke &quot;org.openqa.selenium.WebDriver.manage()&quot; because &quot;this.driver&quot; is null" type="java.lang.NullPointerException">
      <![CDATA[java.lang.NullPointerException: Cannot invoke "org.openqa.selenium.WebDriver.manage()" because "this.driver" is null
at page.Accounts_creation.Accounts_Module_wise(Accounts_creation.java:116)
at Test.Add_accounts_module.click_on_accounts_module(Add_accounts_module.java:62)
at ✽.click on Accounts module(file:///C:/Users/Mahesh/eclipse-workspace/BDD/Folder/account.feature:10)
]]>
    </error>
  </testcase> <!-- runScenario -->
  <system-out/>
</testsuite> <!-- Run.test_runner -->
